{"src/audiochart.js":{"path":"src/audiochart.js","s":{"1":1,"2":1,"3":1,"4":2,"5":1,"6":2,"7":1,"8":2,"9":2,"10":2,"11":2,"12":1,"13":2,"14":1,"15":2,"16":1,"17":9,"18":1,"19":2,"20":1,"21":1,"22":1,"23":4,"24":2,"25":2,"26":2,"27":0,"28":1,"29":4,"30":1,"31":4,"32":4,"33":4,"34":4,"35":1,"36":4,"37":1,"38":4,"39":1,"40":18,"41":1,"42":4,"43":1,"44":1,"45":1,"46":4,"47":4,"48":1,"49":1,"50":2,"51":1,"52":2,"53":2,"54":2,"55":2,"56":2,"57":1,"58":4,"59":4,"60":4,"61":18,"62":4,"63":1,"64":2,"65":1,"66":2,"67":1,"68":9,"69":1,"70":2,"71":1,"72":1,"73":1,"74":15,"75":15,"76":15,"77":2,"78":1,"79":1,"80":1,"81":1,"82":11,"83":11,"84":11,"85":10,"86":1,"87":9,"88":1,"89":1,"90":1,"91":26,"92":26,"93":25,"94":1,"95":26,"96":1,"97":1,"98":1,"99":5,"100":1,"101":5,"102":5,"103":5,"104":1,"105":1,"106":1,"107":3,"108":1,"109":1,"110":1,"111":140,"112":140,"113":140,"114":140,"115":68,"116":72,"117":140,"118":140,"119":140,"120":1,"121":172,"122":116,"123":116,"124":40,"125":40,"126":8,"127":8,"128":0,"129":0,"130":8,"131":1,"132":116,"133":116,"134":116,"135":116,"136":116,"137":1,"138":124,"139":124,"140":124,"141":124,"142":3936,"143":1,"144":4076,"145":0,"146":0,"147":0,"148":4076,"149":2142,"150":4076,"151":4076,"152":64,"153":64,"154":64,"155":52,"156":64,"157":4076,"158":1,"159":40,"160":40,"161":1,"162":16,"163":16,"164":16,"165":8,"166":16,"167":8,"168":1,"169":16,"170":16,"171":16,"172":4,"173":16,"174":8,"175":1,"176":1,"177":1,"178":1,"179":1,"180":3,"181":0,"182":3,"183":0,"184":0,"185":3,"186":1,"187":3,"188":1,"189":1,"190":4,"191":4,"192":1,"193":3,"194":3,"195":3,"196":3,"197":12,"198":12,"199":3,"200":3,"201":1,"202":1,"203":8,"204":1,"205":7,"206":7,"207":7,"208":1,"209":6,"210":1,"211":11,"212":11,"213":0,"214":0,"215":0,"216":1,"217":5,"218":5,"219":2,"220":3,"221":0,"222":3,"223":2,"224":1,"225":0,"226":1,"227":2,"228":1,"229":2,"230":1,"231":1,"232":1,"233":1,"234":0,"235":0,"236":0,"237":0,"238":0,"239":0,"240":0,"241":1,"242":0,"243":1,"244":6,"245":6,"246":2,"247":2,"248":2,"249":1,"250":2,"251":1,"252":1,"253":1,"254":2,"255":2,"256":2,"257":1,"258":2,"259":1,"260":5,"261":1,"262":1,"263":1,"264":3,"265":3,"266":2,"267":2,"268":1,"269":2,"270":1},"b":{"1":[2,2],"2":[2,0],"3":[1,3],"4":[2,13],"5":[1,9],"6":[25,1],"7":[68,72],"8":[116,40,8,0,8],"9":[0,4076],"10":[4076,0,0,0],"11":[2142,1934],"12":[64,4012],"13":[16,8],"14":[8,8],"15":[8,8],"16":[16,8],"17":[4,12],"18":[8,8],"19":[0,3],"20":[0,3],"21":[0,3],"22":[1,7],"23":[1,6],"24":[11,0],"25":[0,0],"26":[2,3],"27":[0,3],"28":[2,1],"29":[0,0],"30":[2,1,2,1],"31":[1,1],"32":[1,1],"33":[2,1],"34":[1,1]},"f":{"1":1,"2":2,"3":2,"4":2,"5":2,"6":2,"7":9,"8":2,"9":1,"10":4,"11":4,"12":4,"13":4,"14":4,"15":18,"16":4,"17":1,"18":4,"19":2,"20":2,"21":4,"22":2,"23":2,"24":9,"25":2,"26":1,"27":15,"28":0,"29":1,"30":11,"31":26,"32":1,"33":5,"34":5,"35":1,"36":3,"37":1,"38":140,"39":172,"40":116,"41":124,"42":3936,"43":4076,"44":52,"45":40,"46":16,"47":16,"48":1,"49":0,"50":3,"51":3,"52":4,"53":4,"54":3,"55":3,"56":1,"57":8,"58":11,"59":5,"60":0,"61":2,"62":2,"63":1,"64":1,"65":0,"66":6,"67":1,"68":3},"fnMap":{"1":{"name":"(anonymous_1)","line":73,"loc":{"start":{"line":73,"column":25},"end":{"line":73,"column":36}}},"2":{"name":"GoogleDataWrapper","line":80,"loc":{"start":{"line":80,"column":1},"end":{"line":80,"column":34}}},"3":{"name":"(anonymous_3)","line":84,"loc":{"start":{"line":84,"column":41},"end":{"line":84,"column":52}}},"4":{"name":"(anonymous_4)","line":88,"loc":{"start":{"line":88,"column":43},"end":{"line":88,"column":54}}},"5":{"name":"(anonymous_5)","line":96,"loc":{"start":{"line":96,"column":41},"end":{"line":96,"column":58}}},"6":{"name":"(anonymous_6)","line":100,"loc":{"start":{"line":100,"column":41},"end":{"line":100,"column":58}}},"7":{"name":"(anonymous_7)","line":104,"loc":{"start":{"line":104,"column":43},"end":{"line":104,"column":67}}},"8":{"name":"(anonymous_8)","line":108,"loc":{"start":{"line":108,"column":44},"end":{"line":108,"column":61}}},"9":{"name":"(anonymous_9)","line":116,"loc":{"start":{"line":116,"column":23},"end":{"line":116,"column":34}}},"10":{"name":"JSONDataWrapper","line":123,"loc":{"start":{"line":123,"column":1},"end":{"line":123,"column":32}}},"11":{"name":"(anonymous_11)","line":133,"loc":{"start":{"line":133,"column":39},"end":{"line":133,"column":50}}},"12":{"name":"(anonymous_12)","line":137,"loc":{"start":{"line":137,"column":41},"end":{"line":137,"column":52}}},"13":{"name":"(anonymous_13)","line":145,"loc":{"start":{"line":145,"column":39},"end":{"line":145,"column":56}}},"14":{"name":"(anonymous_14)","line":149,"loc":{"start":{"line":149,"column":39},"end":{"line":149,"column":56}}},"15":{"name":"(anonymous_15)","line":153,"loc":{"start":{"line":153,"column":41},"end":{"line":153,"column":65}}},"16":{"name":"(anonymous_16)","line":157,"loc":{"start":{"line":157,"column":42},"end":{"line":157,"column":59}}},"17":{"name":"(anonymous_17)","line":165,"loc":{"start":{"line":165,"column":28},"end":{"line":165,"column":39}}},"18":{"name":"HTMLTableDataWrapper","line":173,"loc":{"start":{"line":173,"column":1},"end":{"line":173,"column":38}}},"19":{"name":"(anonymous_19)","line":180,"loc":{"start":{"line":180,"column":44},"end":{"line":180,"column":55}}},"20":{"name":"(anonymous_20)","line":184,"loc":{"start":{"line":184,"column":46},"end":{"line":184,"column":57}}},"21":{"name":"(anonymous_21)","line":193,"loc":{"start":{"line":193,"column":48},"end":{"line":193,"column":65}}},"22":{"name":"(anonymous_22)","line":202,"loc":{"start":{"line":202,"column":44},"end":{"line":202,"column":61}}},"23":{"name":"(anonymous_23)","line":206,"loc":{"start":{"line":206,"column":44},"end":{"line":206,"column":61}}},"24":{"name":"(anonymous_24)","line":210,"loc":{"start":{"line":210,"column":46},"end":{"line":210,"column":70}}},"25":{"name":"(anonymous_25)","line":214,"loc":{"start":{"line":214,"column":47},"end":{"line":214,"column":64}}},"26":{"name":"(anonymous_26)","line":222,"loc":{"start":{"line":222,"column":19},"end":{"line":222,"column":30}}},"27":{"name":"PitchMapper","line":229,"loc":{"start":{"line":229,"column":1},"end":{"line":229,"column":50}}},"28":{"name":"(anonymous_28)","line":242,"loc":{"start":{"line":242,"column":29},"end":{"line":242,"column":45}}},"29":{"name":"(anonymous_29)","line":248,"loc":{"start":{"line":248,"column":28},"end":{"line":248,"column":39}}},"30":{"name":"FrequencyPitchMapper","line":258,"loc":{"start":{"line":258,"column":1},"end":{"line":258,"column":95}}},"31":{"name":"(anonymous_31)","line":275,"loc":{"start":{"line":275,"column":38},"end":{"line":275,"column":54}}},"32":{"name":"(anonymous_32)","line":289,"loc":{"start":{"line":289,"column":23},"end":{"line":289,"column":34}}},"33":{"name":"WebAudioSounder","line":295,"loc":{"start":{"line":295,"column":1},"end":{"line":295,"column":35}}},"34":{"name":"(anonymous_34)","line":302,"loc":{"start":{"line":302,"column":35},"end":{"line":302,"column":46}}},"35":{"name":"(anonymous_35)","line":312,"loc":{"start":{"line":312,"column":39},"end":{"line":312,"column":59}}},"36":{"name":"(anonymous_36)","line":319,"loc":{"start":{"line":319,"column":34},"end":{"line":319,"column":45}}},"37":{"name":"(anonymous_37)","line":327,"loc":{"start":{"line":327,"column":14},"end":{"line":327,"column":25}}},"38":{"name":"Player","line":338,"loc":{"start":{"line":338,"column":1},"end":{"line":338,"column":71}}},"39":{"name":"(anonymous_39)","line":359,"loc":{"start":{"line":359,"column":30},"end":{"line":359,"column":41}}},"40":{"name":"(anonymous_40)","line":382,"loc":{"start":{"line":382,"column":26},"end":{"line":382,"column":37}}},"41":{"name":"(anonymous_41)","line":396,"loc":{"start":{"line":396,"column":34},"end":{"line":396,"column":45}}},"42":{"name":"(anonymous_42)","line":400,"loc":{"start":{"line":400,"column":32},"end":{"line":400,"column":43}}},"43":{"name":"(anonymous_43)","line":410,"loc":{"start":{"line":410,"column":30},"end":{"line":410,"column":41}}},"44":{"name":"(anonymous_44)","line":441,"loc":{"start":{"line":441,"column":14},"end":{"line":441,"column":25}}},"45":{"name":"(anonymous_45)","line":457,"loc":{"start":{"line":457,"column":27},"end":{"line":457,"column":38}}},"46":{"name":"(anonymous_46)","line":462,"loc":{"start":{"line":462,"column":33},"end":{"line":462,"column":48}}},"47":{"name":"(anonymous_47)","line":473,"loc":{"start":{"line":473,"column":32},"end":{"line":473,"column":47}}},"48":{"name":"(anonymous_48)","line":488,"loc":{"start":{"line":488,"column":26},"end":{"line":488,"column":37}}},"49":{"name":"AudioContextGetter","line":493,"loc":{"start":{"line":493,"column":1},"end":{"line":493,"column":31}}},"50":{"name":"(anonymous_50)","line":497,"loc":{"start":{"line":497,"column":24},"end":{"line":497,"column":35}}},"51":{"name":"(anonymous_51)","line":512,"loc":{"start":{"line":512,"column":26},"end":{"line":512,"column":37}}},"52":{"name":"(anonymous_52)","line":526,"loc":{"start":{"line":526,"column":32},"end":{"line":526,"column":48}}},"53":{"name":"(anonymous_53)","line":527,"loc":{"start":{"line":527,"column":8},"end":{"line":527,"column":30}}},"54":{"name":"(anonymous_54)","line":545,"loc":{"start":{"line":545,"column":35},"end":{"line":545,"column":62}}},"55":{"name":"(anonymous_55)","line":546,"loc":{"start":{"line":546,"column":8},"end":{"line":546,"column":30}}},"56":{"name":"(anonymous_56)","line":559,"loc":{"start":{"line":559,"column":23},"end":{"line":559,"column":34}}},"57":{"name":"KeyboardHandler","line":568,"loc":{"start":{"line":568,"column":1},"end":{"line":568,"column":45}}},"58":{"name":"keyName","line":586,"loc":{"start":{"line":586,"column":1},"end":{"line":586,"column":33}}},"59":{"name":"(anonymous_59)","line":604,"loc":{"start":{"line":604,"column":45},"end":{"line":604,"column":59}}},"60":{"name":"(anonymous_60)","line":617,"loc":{"start":{"line":617,"column":40},"end":{"line":617,"column":51}}},"61":{"name":"(anonymous_61)","line":622,"loc":{"start":{"line":622,"column":41},"end":{"line":622,"column":52}}},"62":{"name":"(anonymous_62)","line":627,"loc":{"start":{"line":627,"column":41},"end":{"line":627,"column":52}}},"63":{"name":"(anonymous_63)","line":635,"loc":{"start":{"line":635,"column":19},"end":{"line":635,"column":30}}},"64":{"name":"_AudioChart","line":642,"loc":{"start":{"line":642,"column":1},"end":{"line":642,"column":40}}},"65":{"name":"(anonymous_65)","line":672,"loc":{"start":{"line":672,"column":35},"end":{"line":672,"column":46}}},"66":{"name":"(anonymous_66)","line":679,"loc":{"start":{"line":679,"column":38},"end":{"line":679,"column":56}}},"67":{"name":"(anonymous_67)","line":719,"loc":{"start":{"line":719,"column":18},"end":{"line":719,"column":29}}},"68":{"name":"AudioChart","line":729,"loc":{"start":{"line":729,"column":1},"end":{"line":729,"column":39}}}},"statementMap":{"1":{"start":{"line":4,"column":0},"end":{"line":4,"column":28}},"2":{"start":{"line":73,"column":0},"end":{"line":113,"column":4}},"3":{"start":{"line":80,"column":1},"end":{"line":82,"column":2}},"4":{"start":{"line":81,"column":2},"end":{"line":81,"column":18}},"5":{"start":{"line":84,"column":1},"end":{"line":86,"column":2}},"6":{"start":{"line":85,"column":2},"end":{"line":85,"column":43}},"7":{"start":{"line":88,"column":1},"end":{"line":94,"column":2}},"8":{"start":{"line":89,"column":2},"end":{"line":89,"column":18}},"9":{"start":{"line":90,"column":2},"end":{"line":92,"column":3}},"10":{"start":{"line":91,"column":3},"end":{"line":91,"column":44}},"11":{"start":{"line":93,"column":2},"end":{"line":93,"column":16}},"12":{"start":{"line":96,"column":1},"end":{"line":98,"column":2}},"13":{"start":{"line":97,"column":2},"end":{"line":97,"column":49}},"14":{"start":{"line":100,"column":1},"end":{"line":102,"column":2}},"15":{"start":{"line":101,"column":2},"end":{"line":101,"column":49}},"16":{"start":{"line":104,"column":1},"end":{"line":106,"column":2}},"17":{"start":{"line":105,"column":2},"end":{"line":105,"column":46}},"18":{"start":{"line":108,"column":1},"end":{"line":110,"column":2}},"19":{"start":{"line":109,"column":2},"end":{"line":109,"column":36}},"20":{"start":{"line":112,"column":1},"end":{"line":112,"column":25}},"21":{"start":{"line":116,"column":0},"end":{"line":162,"column":4}},"22":{"start":{"line":123,"column":1},"end":{"line":131,"column":2}},"23":{"start":{"line":124,"column":2},"end":{"line":130,"column":3}},"24":{"start":{"line":125,"column":3},"end":{"line":125,"column":33}},"25":{"start":{"line":126,"column":9},"end":{"line":130,"column":3}},"26":{"start":{"line":127,"column":3},"end":{"line":127,"column":21}},"27":{"start":{"line":129,"column":3},"end":{"line":129,"column":65}},"28":{"start":{"line":133,"column":1},"end":{"line":135,"column":2}},"29":{"start":{"line":134,"column":2},"end":{"line":134,"column":32}},"30":{"start":{"line":137,"column":1},"end":{"line":143,"column":2}},"31":{"start":{"line":138,"column":2},"end":{"line":138,"column":18}},"32":{"start":{"line":139,"column":2},"end":{"line":141,"column":3}},"33":{"start":{"line":140,"column":3},"end":{"line":140,"column":43}},"34":{"start":{"line":142,"column":2},"end":{"line":142,"column":16}},"35":{"start":{"line":145,"column":1},"end":{"line":147,"column":2}},"36":{"start":{"line":146,"column":2},"end":{"line":146,"column":62}},"37":{"start":{"line":149,"column":1},"end":{"line":151,"column":2}},"38":{"start":{"line":150,"column":2},"end":{"line":150,"column":62}},"39":{"start":{"line":153,"column":1},"end":{"line":155,"column":2}},"40":{"start":{"line":154,"column":2},"end":{"line":154,"column":47}},"41":{"start":{"line":157,"column":1},"end":{"line":159,"column":2}},"42":{"start":{"line":158,"column":2},"end":{"line":158,"column":47}},"43":{"start":{"line":161,"column":1},"end":{"line":161,"column":23}},"44":{"start":{"line":165,"column":0},"end":{"line":219,"column":4}},"45":{"start":{"line":173,"column":1},"end":{"line":178,"column":2}},"46":{"start":{"line":174,"column":2},"end":{"line":174,"column":20}},"47":{"start":{"line":175,"column":2},"end":{"line":177,"column":3}},"48":{"start":{"line":176,"column":3},"end":{"line":176,"column":33}},"49":{"start":{"line":180,"column":1},"end":{"line":182,"column":2}},"50":{"start":{"line":181,"column":2},"end":{"line":181,"column":65}},"51":{"start":{"line":184,"column":1},"end":{"line":191,"column":2}},"52":{"start":{"line":185,"column":2},"end":{"line":185,"column":57}},"53":{"start":{"line":186,"column":2},"end":{"line":186,"column":18}},"54":{"start":{"line":187,"column":2},"end":{"line":189,"column":3}},"55":{"start":{"line":188,"column":3},"end":{"line":188,"column":43}},"56":{"start":{"line":190,"column":2},"end":{"line":190,"column":16}},"57":{"start":{"line":193,"column":1},"end":{"line":200,"column":2}},"58":{"start":{"line":194,"column":2},"end":{"line":194,"column":55}},"59":{"start":{"line":195,"column":2},"end":{"line":195,"column":18}},"60":{"start":{"line":196,"column":2},"end":{"line":198,"column":3}},"61":{"start":{"line":197,"column":3},"end":{"line":197,"column":53}},"62":{"start":{"line":199,"column":2},"end":{"line":199,"column":16}},"63":{"start":{"line":202,"column":1},"end":{"line":204,"column":2}},"64":{"start":{"line":203,"column":2},"end":{"line":203,"column":57}},"65":{"start":{"line":206,"column":1},"end":{"line":208,"column":2}},"66":{"start":{"line":207,"column":2},"end":{"line":207,"column":57}},"67":{"start":{"line":210,"column":1},"end":{"line":212,"column":2}},"68":{"start":{"line":211,"column":2},"end":{"line":211,"column":98}},"69":{"start":{"line":214,"column":1},"end":{"line":216,"column":2}},"70":{"start":{"line":215,"column":2},"end":{"line":215,"column":57}},"71":{"start":{"line":218,"column":1},"end":{"line":218,"column":28}},"72":{"start":{"line":222,"column":0},"end":{"line":245,"column":4}},"73":{"start":{"line":229,"column":1},"end":{"line":235,"column":2}},"74":{"start":{"line":230,"column":2},"end":{"line":230,"column":34}},"75":{"start":{"line":231,"column":2},"end":{"line":231,"column":34}},"76":{"start":{"line":232,"column":2},"end":{"line":234,"column":3}},"77":{"start":{"line":233,"column":3},"end":{"line":233,"column":58}},"78":{"start":{"line":242,"column":1},"end":{"line":242,"column":47}},"79":{"start":{"line":244,"column":1},"end":{"line":244,"column":19}},"80":{"start":{"line":248,"column":0},"end":{"line":286,"column":4}},"81":{"start":{"line":258,"column":1},"end":{"line":266,"column":2}},"82":{"start":{"line":259,"column":2},"end":{"line":259,"column":42}},"83":{"start":{"line":260,"column":2},"end":{"line":260,"column":42}},"84":{"start":{"line":261,"column":2},"end":{"line":261,"column":52}},"85":{"start":{"line":262,"column":2},"end":{"line":264,"column":3}},"86":{"start":{"line":263,"column":3},"end":{"line":263,"column":66}},"87":{"start":{"line":265,"column":2},"end":{"line":265,"column":56}},"88":{"start":{"line":268,"column":1},"end":{"line":268,"column":70}},"89":{"start":{"line":269,"column":1},"end":{"line":269,"column":66}},"90":{"start":{"line":275,"column":1},"end":{"line":283,"column":2}},"91":{"start":{"line":276,"column":2},"end":{"line":276,"column":11}},"92":{"start":{"line":277,"column":2},"end":{"line":281,"column":3}},"93":{"start":{"line":278,"column":3},"end":{"line":278,"column":55}},"94":{"start":{"line":280,"column":3},"end":{"line":280,"column":14}},"95":{"start":{"line":282,"column":2},"end":{"line":282,"column":88}},"96":{"start":{"line":285,"column":1},"end":{"line":285,"column":28}},"97":{"start":{"line":289,"column":0},"end":{"line":324,"column":4}},"98":{"start":{"line":295,"column":1},"end":{"line":297,"column":2}},"99":{"start":{"line":296,"column":2},"end":{"line":296,"column":24}},"100":{"start":{"line":302,"column":1},"end":{"line":306,"column":2}},"101":{"start":{"line":303,"column":2},"end":{"line":303,"column":51}},"102":{"start":{"line":304,"column":2},"end":{"line":304,"column":51}},"103":{"start":{"line":305,"column":2},"end":{"line":305,"column":26}},"104":{"start":{"line":312,"column":1},"end":{"line":314,"column":2}},"105":{"start":{"line":313,"column":2},"end":{"line":313,"column":45}},"106":{"start":{"line":319,"column":1},"end":{"line":321,"column":2}},"107":{"start":{"line":320,"column":2},"end":{"line":320,"column":24}},"108":{"start":{"line":323,"column":1},"end":{"line":323,"column":23}},"109":{"start":{"line":327,"column":0},"end":{"line":485,"column":4}},"110":{"start":{"line":338,"column":1},"end":{"line":353,"column":2}},"111":{"start":{"line":339,"column":2},"end":{"line":339,"column":18}},"112":{"start":{"line":340,"column":2},"end":{"line":340,"column":32}},"113":{"start":{"line":341,"column":2},"end":{"line":341,"column":24}},"114":{"start":{"line":342,"column":2},"end":{"line":346,"column":3}},"115":{"start":{"line":343,"column":3},"end":{"line":343,"column":29}},"116":{"start":{"line":345,"column":3},"end":{"line":345,"column":39}},"117":{"start":{"line":348,"column":2},"end":{"line":348,"column":65}},"118":{"start":{"line":350,"column":2},"end":{"line":350,"column":53}},"119":{"start":{"line":352,"column":2},"end":{"line":352,"column":23}},"120":{"start":{"line":359,"column":1},"end":{"line":376,"column":2}},"121":{"start":{"line":360,"column":2},"end":{"line":375,"column":3}},"122":{"start":{"line":362,"column":4},"end":{"line":362,"column":16}},"123":{"start":{"line":363,"column":4},"end":{"line":363,"column":9}},"124":{"start":{"line":365,"column":4},"end":{"line":365,"column":17}},"125":{"start":{"line":366,"column":4},"end":{"line":366,"column":9}},"126":{"start":{"line":368,"column":4},"end":{"line":368,"column":24}},"127":{"start":{"line":369,"column":4},"end":{"line":369,"column":9}},"128":{"start":{"line":371,"column":4},"end":{"line":371,"column":16}},"129":{"start":{"line":372,"column":4},"end":{"line":372,"column":9}},"130":{"start":{"line":374,"column":4},"end":{"line":374,"column":70}},"131":{"start":{"line":382,"column":1},"end":{"line":390,"column":2}},"132":{"start":{"line":383,"column":2},"end":{"line":383,"column":29}},"133":{"start":{"line":384,"column":2},"end":{"line":384,"column":23}},"134":{"start":{"line":386,"column":2},"end":{"line":386,"column":20}},"135":{"start":{"line":387,"column":2},"end":{"line":387,"column":23}},"136":{"start":{"line":389,"column":2},"end":{"line":389,"column":22}},"137":{"start":{"line":396,"column":1},"end":{"line":403,"column":2}},"138":{"start":{"line":397,"column":2},"end":{"line":397,"column":25}},"139":{"start":{"line":398,"column":2},"end":{"line":398,"column":18}},"140":{"start":{"line":399,"column":2},"end":{"line":399,"column":17}},"141":{"start":{"line":400,"column":2},"end":{"line":402,"column":19}},"142":{"start":{"line":401,"column":3},"end":{"line":401,"column":19}},"143":{"start":{"line":410,"column":1},"end":{"line":450,"column":2}},"144":{"start":{"line":421,"column":2},"end":{"line":428,"column":3}},"145":{"start":{"line":425,"column":3},"end":{"line":425,"column":19}},"146":{"start":{"line":426,"column":3},"end":{"line":426,"column":22}},"147":{"start":{"line":427,"column":3},"end":{"line":427,"column":9}},"148":{"start":{"line":430,"column":2},"end":{"line":432,"column":3}},"149":{"start":{"line":431,"column":3},"end":{"line":431,"column":41}},"150":{"start":{"line":434,"column":2},"end":{"line":436,"column":46}},"151":{"start":{"line":438,"column":2},"end":{"line":447,"column":3}},"152":{"start":{"line":439,"column":3},"end":{"line":439,"column":33}},"153":{"start":{"line":440,"column":3},"end":{"line":440,"column":18}},"154":{"start":{"line":441,"column":3},"end":{"line":443,"column":20}},"155":{"start":{"line":442,"column":4},"end":{"line":442,"column":23}},"156":{"start":{"line":444,"column":3},"end":{"line":444,"column":27}},"157":{"start":{"line":449,"column":2},"end":{"line":449,"column":21}},"158":{"start":{"line":457,"column":1},"end":{"line":460,"column":2}},"159":{"start":{"line":458,"column":2},"end":{"line":458,"column":32}},"160":{"start":{"line":459,"column":2},"end":{"line":459,"column":24}},"161":{"start":{"line":462,"column":1},"end":{"line":471,"column":2}},"162":{"start":{"line":463,"column":2},"end":{"line":463,"column":24}},"163":{"start":{"line":464,"column":2},"end":{"line":464,"column":25}},"164":{"start":{"line":465,"column":2},"end":{"line":467,"column":3}},"165":{"start":{"line":466,"column":3},"end":{"line":466,"column":21}},"166":{"start":{"line":468,"column":2},"end":{"line":470,"column":3}},"167":{"start":{"line":469,"column":3},"end":{"line":469,"column":19}},"168":{"start":{"line":473,"column":1},"end":{"line":482,"column":2}},"169":{"start":{"line":474,"column":2},"end":{"line":474,"column":24}},"170":{"start":{"line":475,"column":2},"end":{"line":475,"column":25}},"171":{"start":{"line":476,"column":2},"end":{"line":478,"column":3}},"172":{"start":{"line":477,"column":3},"end":{"line":477,"column":39}},"173":{"start":{"line":479,"column":2},"end":{"line":481,"column":3}},"174":{"start":{"line":480,"column":3},"end":{"line":480,"column":19}},"175":{"start":{"line":484,"column":1},"end":{"line":484,"column":14}},"176":{"start":{"line":488,"column":0},"end":{"line":517,"column":4}},"177":{"start":{"line":493,"column":1},"end":{"line":493,"column":33}},"178":{"start":{"line":495,"column":1},"end":{"line":495,"column":24}},"179":{"start":{"line":497,"column":1},"end":{"line":507,"column":2}},"180":{"start":{"line":498,"column":2},"end":{"line":505,"column":3}},"181":{"start":{"line":499,"column":3},"end":{"line":499,"column":35}},"182":{"start":{"line":500,"column":9},"end":{"line":505,"column":3}},"183":{"start":{"line":502,"column":3},"end":{"line":502,"column":26}},"184":{"start":{"line":503,"column":3},"end":{"line":503,"column":41}},"185":{"start":{"line":506,"column":2},"end":{"line":506,"column":13}},"186":{"start":{"line":512,"column":1},"end":{"line":514,"column":2}},"187":{"start":{"line":513,"column":2},"end":{"line":513,"column":81}},"188":{"start":{"line":516,"column":1},"end":{"line":516,"column":26}},"189":{"start":{"line":526,"column":0},"end":{"line":535,"column":1}},"190":{"start":{"line":527,"column":1},"end":{"line":534,"column":2}},"191":{"start":{"line":528,"column":2},"end":{"line":533,"column":4}},"192":{"start":{"line":545,"column":0},"end":{"line":556,"column":1}},"193":{"start":{"line":546,"column":1},"end":{"line":555,"column":2}},"194":{"start":{"line":547,"column":2},"end":{"line":547,"column":44}},"195":{"start":{"line":548,"column":2},"end":{"line":548,"column":10}},"196":{"start":{"line":549,"column":2},"end":{"line":552,"column":3}},"197":{"start":{"line":550,"column":3},"end":{"line":550,"column":16}},"198":{"start":{"line":551,"column":3},"end":{"line":551,"column":35}},"199":{"start":{"line":553,"column":2},"end":{"line":553,"column":46}},"200":{"start":{"line":554,"column":2},"end":{"line":554,"column":31}},"201":{"start":{"line":559,"column":0},"end":{"line":632,"column":4}},"202":{"start":{"line":568,"column":1},"end":{"line":579,"column":2}},"203":{"start":{"line":569,"column":2},"end":{"line":571,"column":3}},"204":{"start":{"line":570,"column":3},"end":{"line":570,"column":36}},"205":{"start":{"line":572,"column":2},"end":{"line":572,"column":41}},"206":{"start":{"line":573,"column":2},"end":{"line":573,"column":72}},"207":{"start":{"line":575,"column":2},"end":{"line":577,"column":3}},"208":{"start":{"line":576,"column":3},"end":{"line":576,"column":33}},"209":{"start":{"line":578,"column":2},"end":{"line":578,"column":22}},"210":{"start":{"line":586,"column":1},"end":{"line":593,"column":2}},"211":{"start":{"line":587,"column":2},"end":{"line":591,"column":3}},"212":{"start":{"line":588,"column":3},"end":{"line":588,"column":27}},"213":{"start":{"line":589,"column":9},"end":{"line":591,"column":3}},"214":{"start":{"line":590,"column":3},"end":{"line":590,"column":37}},"215":{"start":{"line":592,"column":2},"end":{"line":592,"column":52}},"216":{"start":{"line":604,"column":1},"end":{"line":614,"column":2}},"217":{"start":{"line":605,"column":2},"end":{"line":605,"column":22}},"218":{"start":{"line":607,"column":2},"end":{"line":613,"column":3}},"219":{"start":{"line":608,"column":3},"end":{"line":608,"column":21}},"220":{"start":{"line":609,"column":9},"end":{"line":613,"column":3}},"221":{"start":{"line":610,"column":3},"end":{"line":610,"column":20}},"222":{"start":{"line":611,"column":9},"end":{"line":613,"column":3}},"223":{"start":{"line":612,"column":3},"end":{"line":612,"column":21}},"224":{"start":{"line":617,"column":1},"end":{"line":619,"column":2}},"225":{"start":{"line":618,"column":2},"end":{"line":618,"column":28}},"226":{"start":{"line":622,"column":1},"end":{"line":624,"column":2}},"227":{"start":{"line":623,"column":2},"end":{"line":623,"column":27}},"228":{"start":{"line":627,"column":1},"end":{"line":629,"column":2}},"229":{"start":{"line":628,"column":2},"end":{"line":628,"column":25}},"230":{"start":{"line":631,"column":1},"end":{"line":631,"column":23}},"231":{"start":{"line":635,"column":0},"end":{"line":716,"column":4}},"232":{"start":{"line":642,"column":1},"end":{"line":667,"column":2}},"233":{"start":{"line":643,"column":2},"end":{"line":643,"column":58}},"234":{"start":{"line":644,"column":2},"end":{"line":644,"column":56}},"235":{"start":{"line":645,"column":2},"end":{"line":645,"column":32}},"236":{"start":{"line":647,"column":2},"end":{"line":651,"column":25}},"237":{"start":{"line":653,"column":2},"end":{"line":653,"column":44}},"238":{"start":{"line":655,"column":2},"end":{"line":660,"column":12}},"239":{"start":{"line":662,"column":2},"end":{"line":666,"column":3}},"240":{"start":{"line":663,"column":3},"end":{"line":665,"column":16}},"241":{"start":{"line":672,"column":1},"end":{"line":674,"column":2}},"242":{"start":{"line":673,"column":2},"end":{"line":673,"column":25}},"243":{"start":{"line":679,"column":1},"end":{"line":713,"column":2}},"244":{"start":{"line":680,"column":2},"end":{"line":684,"column":3}},"245":{"start":{"line":686,"column":2},"end":{"line":710,"column":3}},"246":{"start":{"line":688,"column":4},"end":{"line":688,"column":38}},"247":{"start":{"line":689,"column":4},"end":{"line":689,"column":35}},"248":{"start":{"line":690,"column":4},"end":{"line":693,"column":5}},"249":{"start":{"line":691,"column":5},"end":{"line":692,"column":46}},"250":{"start":{"line":694,"column":4},"end":{"line":694,"column":9}},"251":{"start":{"line":696,"column":4},"end":{"line":696,"column":36}},"252":{"start":{"line":697,"column":4},"end":{"line":697,"column":35}},"253":{"start":{"line":698,"column":4},"end":{"line":698,"column":9}},"254":{"start":{"line":700,"column":4},"end":{"line":700,"column":41}},"255":{"start":{"line":701,"column":4},"end":{"line":701,"column":36}},"256":{"start":{"line":702,"column":4},"end":{"line":706,"column":5}},"257":{"start":{"line":703,"column":5},"end":{"line":705,"column":29}},"258":{"start":{"line":707,"column":4},"end":{"line":707,"column":9}},"259":{"start":{"line":709,"column":4},"end":{"line":709,"column":66}},"260":{"start":{"line":712,"column":2},"end":{"line":712,"column":15}},"261":{"start":{"line":715,"column":1},"end":{"line":715,"column":19}},"262":{"start":{"line":719,"column":0},"end":{"line":742,"column":4}},"263":{"start":{"line":729,"column":1},"end":{"line":739,"column":2}},"264":{"start":{"line":730,"column":2},"end":{"line":730,"column":69}},"265":{"start":{"line":731,"column":2},"end":{"line":736,"column":3}},"266":{"start":{"line":732,"column":3},"end":{"line":732,"column":37}},"267":{"start":{"line":733,"column":3},"end":{"line":735,"column":4}},"268":{"start":{"line":734,"column":4},"end":{"line":734,"column":21}},"269":{"start":{"line":738,"column":2},"end":{"line":738,"column":42}},"270":{"start":{"line":741,"column":1},"end":{"line":741,"column":18}}},"branchMap":{"1":{"line":124,"type":"if","locations":[{"start":{"line":124,"column":2},"end":{"line":124,"column":2}},{"start":{"line":124,"column":2},"end":{"line":124,"column":2}}]},"2":{"line":126,"type":"if","locations":[{"start":{"line":126,"column":9},"end":{"line":126,"column":9}},{"start":{"line":126,"column":9},"end":{"line":126,"column":9}}]},"3":{"line":175,"type":"if","locations":[{"start":{"line":175,"column":2},"end":{"line":175,"column":2}},{"start":{"line":175,"column":2},"end":{"line":175,"column":2}}]},"4":{"line":232,"type":"if","locations":[{"start":{"line":232,"column":2},"end":{"line":232,"column":2}},{"start":{"line":232,"column":2},"end":{"line":232,"column":2}}]},"5":{"line":262,"type":"if","locations":[{"start":{"line":262,"column":2},"end":{"line":262,"column":2}},{"start":{"line":262,"column":2},"end":{"line":262,"column":2}}]},"6":{"line":277,"type":"if","locations":[{"start":{"line":277,"column":2},"end":{"line":277,"column":2}},{"start":{"line":277,"column":2},"end":{"line":277,"column":2}}]},"7":{"line":342,"type":"if","locations":[{"start":{"line":342,"column":2},"end":{"line":342,"column":2}},{"start":{"line":342,"column":2},"end":{"line":342,"column":2}}]},"8":{"line":360,"type":"switch","locations":[{"start":{"line":361,"column":3},"end":{"line":363,"column":9}},{"start":{"line":364,"column":3},"end":{"line":366,"column":9}},{"start":{"line":367,"column":3},"end":{"line":369,"column":9}},{"start":{"line":370,"column":3},"end":{"line":372,"column":9}},{"start":{"line":373,"column":3},"end":{"line":374,"column":70}}]},"9":{"line":421,"type":"if","locations":[{"start":{"line":421,"column":2},"end":{"line":421,"column":2}},{"start":{"line":421,"column":2},"end":{"line":421,"column":2}}]},"10":{"line":421,"type":"binary-expr","locations":[{"start":{"line":421,"column":6},"end":{"line":421,"column":22}},{"start":{"line":422,"column":6},"end":{"line":422,"column":24}},{"start":{"line":423,"column":6},"end":{"line":423,"column":44}},{"start":{"line":424,"column":6},"end":{"line":424,"column":30}}]},"11":{"line":430,"type":"if","locations":[{"start":{"line":430,"column":2},"end":{"line":430,"column":2}},{"start":{"line":430,"column":2},"end":{"line":430,"column":2}}]},"12":{"line":438,"type":"if","locations":[{"start":{"line":438,"column":2},"end":{"line":438,"column":2}},{"start":{"line":438,"column":2},"end":{"line":438,"column":2}}]},"13":{"line":463,"type":"binary-expr","locations":[{"start":{"line":463,"column":14},"end":{"line":463,"column":18}},{"start":{"line":463,"column":22},"end":{"line":463,"column":24}}]},"14":{"line":465,"type":"if","locations":[{"start":{"line":465,"column":2},"end":{"line":465,"column":2}},{"start":{"line":465,"column":2},"end":{"line":465,"column":2}}]},"15":{"line":468,"type":"if","locations":[{"start":{"line":468,"column":2},"end":{"line":468,"column":2}},{"start":{"line":468,"column":2},"end":{"line":468,"column":2}}]},"16":{"line":474,"type":"binary-expr","locations":[{"start":{"line":474,"column":14},"end":{"line":474,"column":18}},{"start":{"line":474,"column":22},"end":{"line":474,"column":24}}]},"17":{"line":476,"type":"if","locations":[{"start":{"line":476,"column":2},"end":{"line":476,"column":2}},{"start":{"line":476,"column":2},"end":{"line":476,"column":2}}]},"18":{"line":479,"type":"if","locations":[{"start":{"line":479,"column":2},"end":{"line":479,"column":2}},{"start":{"line":479,"column":2},"end":{"line":479,"column":2}}]},"19":{"line":498,"type":"if","locations":[{"start":{"line":498,"column":2},"end":{"line":498,"column":2}},{"start":{"line":498,"column":2},"end":{"line":498,"column":2}}]},"20":{"line":500,"type":"if","locations":[{"start":{"line":500,"column":9},"end":{"line":500,"column":9}},{"start":{"line":500,"column":9},"end":{"line":500,"column":9}}]},"21":{"line":513,"type":"cond-expr","locations":[{"start":{"line":513,"column":33},"end":{"line":513,"column":45}},{"start":{"line":513,"column":48},"end":{"line":513,"column":81}}]},"22":{"line":569,"type":"if","locations":[{"start":{"line":569,"column":2},"end":{"line":569,"column":2}},{"start":{"line":569,"column":2},"end":{"line":569,"column":2}}]},"23":{"line":575,"type":"if","locations":[{"start":{"line":575,"column":2},"end":{"line":575,"column":2}},{"start":{"line":575,"column":2},"end":{"line":575,"column":2}}]},"24":{"line":587,"type":"if","locations":[{"start":{"line":587,"column":2},"end":{"line":587,"column":2}},{"start":{"line":587,"column":2},"end":{"line":587,"column":2}}]},"25":{"line":589,"type":"if","locations":[{"start":{"line":589,"column":9},"end":{"line":589,"column":9}},{"start":{"line":589,"column":9},"end":{"line":589,"column":9}}]},"26":{"line":607,"type":"if","locations":[{"start":{"line":607,"column":2},"end":{"line":607,"column":2}},{"start":{"line":607,"column":2},"end":{"line":607,"column":2}}]},"27":{"line":609,"type":"if","locations":[{"start":{"line":609,"column":9},"end":{"line":609,"column":9}},{"start":{"line":609,"column":9},"end":{"line":609,"column":9}}]},"28":{"line":611,"type":"if","locations":[{"start":{"line":611,"column":9},"end":{"line":611,"column":9}},{"start":{"line":611,"column":9},"end":{"line":611,"column":9}}]},"29":{"line":662,"type":"if","locations":[{"start":{"line":662,"column":2},"end":{"line":662,"column":2}},{"start":{"line":662,"column":2},"end":{"line":662,"column":2}}]},"30":{"line":686,"type":"switch","locations":[{"start":{"line":687,"column":3},"end":{"line":694,"column":9}},{"start":{"line":695,"column":3},"end":{"line":698,"column":9}},{"start":{"line":699,"column":3},"end":{"line":707,"column":9}},{"start":{"line":708,"column":3},"end":{"line":709,"column":66}}]},"31":{"line":690,"type":"if","locations":[{"start":{"line":690,"column":4},"end":{"line":690,"column":4}},{"start":{"line":690,"column":4},"end":{"line":690,"column":4}}]},"32":{"line":702,"type":"if","locations":[{"start":{"line":702,"column":4},"end":{"line":702,"column":4}},{"start":{"line":702,"column":4},"end":{"line":702,"column":4}}]},"33":{"line":731,"type":"if","locations":[{"start":{"line":731,"column":2},"end":{"line":731,"column":2}},{"start":{"line":731,"column":2},"end":{"line":731,"column":2}}]},"34":{"line":733,"type":"if","locations":[{"start":{"line":733,"column":3},"end":{"line":733,"column":3}},{"start":{"line":733,"column":3},"end":{"line":733,"column":3}}]}}}}