{"src/audiochart.js":{"path":"src/audiochart.js","s":{"1":1,"2":1,"3":2,"4":1,"5":2,"6":1,"7":2,"8":2,"9":2,"10":2,"11":1,"12":2,"13":1,"14":2,"15":1,"16":9,"17":1,"18":2,"19":1,"20":1,"21":1,"22":4,"23":2,"24":2,"25":2,"26":0,"27":1,"28":4,"29":1,"30":4,"31":4,"32":4,"33":4,"34":1,"35":4,"36":1,"37":4,"38":1,"39":18,"40":1,"41":4,"42":1,"43":1,"44":1,"45":3,"46":3,"47":1,"48":1,"49":2,"50":1,"51":2,"52":2,"53":2,"54":2,"55":2,"56":1,"57":4,"58":4,"59":4,"60":18,"61":4,"62":1,"63":2,"64":1,"65":2,"66":1,"67":9,"68":1,"69":2,"70":1,"71":1,"72":1,"73":15,"74":15,"75":15,"76":2,"77":1,"78":1,"79":1,"80":1,"81":11,"82":11,"83":11,"84":10,"85":1,"86":9,"87":1,"88":1,"89":1,"90":26,"91":26,"92":25,"93":1,"94":26,"95":1,"96":1,"97":1,"98":6,"99":6,"100":1,"101":1,"102":1,"103":1,"104":2,"105":2,"106":2,"107":2,"108":1,"109":2,"110":1,"111":1,"112":1,"113":52,"114":52,"115":52,"116":52,"117":24,"118":28,"119":52,"120":1,"121":44,"122":44,"123":44,"124":44,"125":24,"126":44,"127":44,"128":2244,"129":2244,"130":1224,"131":2244,"132":44,"133":1,"134":1224,"135":1224,"136":1224,"137":1224,"138":1,"139":1,"140":1,"141":1,"142":1,"143":3,"144":0,"145":3,"146":0,"147":3,"148":1,"149":3,"150":1,"151":1,"152":4,"153":4,"154":1,"155":3,"156":3,"157":3,"158":3,"159":12,"160":12,"161":3,"162":3,"163":1,"164":1,"165":1,"166":0,"167":0,"168":0,"169":0,"170":0,"171":0,"172":1,"173":6,"174":6,"175":2,"176":2,"177":2,"178":1,"179":2,"180":1,"181":1,"182":1,"183":2,"184":2,"185":2,"186":1,"187":2,"188":1,"189":5,"190":1,"191":1,"192":1,"193":3,"194":3,"195":2,"196":2,"197":1,"198":2,"199":1},"b":{"1":[2,2],"2":[2,0],"3":[1,2],"4":[2,13],"5":[1,9],"6":[25,1],"7":[24,28],"8":[24,20],"9":[1224,1020],"10":[0,3],"11":[0,3],"12":[0,3],"13":[2,1,2,1],"14":[1,1],"15":[1,1],"16":[2,1],"17":[1,1]},"f":{"1":1,"2":2,"3":2,"4":2,"5":2,"6":2,"7":9,"8":2,"9":1,"10":4,"11":4,"12":4,"13":4,"14":4,"15":18,"16":4,"17":1,"18":3,"19":2,"20":2,"21":4,"22":2,"23":2,"24":9,"25":2,"26":1,"27":15,"28":0,"29":1,"30":11,"31":26,"32":1,"33":6,"34":1,"35":2,"36":2,"37":2,"38":2,"39":1,"40":52,"41":44,"42":1224,"43":1224,"44":1224,"45":1,"46":0,"47":3,"48":3,"49":4,"50":4,"51":3,"52":3,"53":1,"54":1,"55":6,"56":1,"57":3},"fnMap":{"1":{"name":"(anonymous_1)","line":23,"loc":{"start":{"line":23,"column":25},"end":{"line":23,"column":36}}},"2":{"name":"GoogleDataWrapper","line":24,"loc":{"start":{"line":24,"column":1},"end":{"line":24,"column":34}}},"3":{"name":"(anonymous_3)","line":28,"loc":{"start":{"line":28,"column":41},"end":{"line":28,"column":52}}},"4":{"name":"(anonymous_4)","line":32,"loc":{"start":{"line":32,"column":43},"end":{"line":32,"column":54}}},"5":{"name":"(anonymous_5)","line":40,"loc":{"start":{"line":40,"column":41},"end":{"line":40,"column":58}}},"6":{"name":"(anonymous_6)","line":44,"loc":{"start":{"line":44,"column":41},"end":{"line":44,"column":58}}},"7":{"name":"(anonymous_7)","line":48,"loc":{"start":{"line":48,"column":43},"end":{"line":48,"column":67}}},"8":{"name":"(anonymous_8)","line":52,"loc":{"start":{"line":52,"column":44},"end":{"line":52,"column":61}}},"9":{"name":"(anonymous_9)","line":60,"loc":{"start":{"line":60,"column":23},"end":{"line":60,"column":34}}},"10":{"name":"JSONDataWrapper","line":61,"loc":{"start":{"line":61,"column":1},"end":{"line":61,"column":32}}},"11":{"name":"(anonymous_11)","line":71,"loc":{"start":{"line":71,"column":39},"end":{"line":71,"column":50}}},"12":{"name":"(anonymous_12)","line":75,"loc":{"start":{"line":75,"column":41},"end":{"line":75,"column":52}}},"13":{"name":"(anonymous_13)","line":83,"loc":{"start":{"line":83,"column":39},"end":{"line":83,"column":56}}},"14":{"name":"(anonymous_14)","line":87,"loc":{"start":{"line":87,"column":39},"end":{"line":87,"column":56}}},"15":{"name":"(anonymous_15)","line":91,"loc":{"start":{"line":91,"column":41},"end":{"line":91,"column":65}}},"16":{"name":"(anonymous_16)","line":95,"loc":{"start":{"line":95,"column":42},"end":{"line":95,"column":59}}},"17":{"name":"(anonymous_17)","line":103,"loc":{"start":{"line":103,"column":28},"end":{"line":103,"column":39}}},"18":{"name":"HTMLTableDataWrapper","line":104,"loc":{"start":{"line":104,"column":1},"end":{"line":104,"column":38}}},"19":{"name":"(anonymous_19)","line":111,"loc":{"start":{"line":111,"column":44},"end":{"line":111,"column":55}}},"20":{"name":"(anonymous_20)","line":115,"loc":{"start":{"line":115,"column":46},"end":{"line":115,"column":57}}},"21":{"name":"(anonymous_21)","line":124,"loc":{"start":{"line":124,"column":48},"end":{"line":124,"column":65}}},"22":{"name":"(anonymous_22)","line":133,"loc":{"start":{"line":133,"column":44},"end":{"line":133,"column":61}}},"23":{"name":"(anonymous_23)","line":137,"loc":{"start":{"line":137,"column":44},"end":{"line":137,"column":61}}},"24":{"name":"(anonymous_24)","line":141,"loc":{"start":{"line":141,"column":46},"end":{"line":141,"column":70}}},"25":{"name":"(anonymous_25)","line":145,"loc":{"start":{"line":145,"column":47},"end":{"line":145,"column":64}}},"26":{"name":"(anonymous_26)","line":153,"loc":{"start":{"line":153,"column":19},"end":{"line":153,"column":30}}},"27":{"name":"PitchMapper","line":154,"loc":{"start":{"line":154,"column":1},"end":{"line":154,"column":50}}},"28":{"name":"(anonymous_28)","line":162,"loc":{"start":{"line":162,"column":29},"end":{"line":162,"column":45}}},"29":{"name":"(anonymous_29)","line":168,"loc":{"start":{"line":168,"column":28},"end":{"line":168,"column":39}}},"30":{"name":"FrequencyPitchMapper","line":169,"loc":{"start":{"line":169,"column":1},"end":{"line":169,"column":95}}},"31":{"name":"(anonymous_31)","line":182,"loc":{"start":{"line":182,"column":38},"end":{"line":182,"column":54}}},"32":{"name":"(anonymous_32)","line":196,"loc":{"start":{"line":196,"column":23},"end":{"line":196,"column":34}}},"33":{"name":"WebAudioSounder","line":197,"loc":{"start":{"line":197,"column":1},"end":{"line":197,"column":35}}},"34":{"name":"(anonymous_34)","line":202,"loc":{"start":{"line":202,"column":35},"end":{"line":202,"column":46}}},"35":{"name":"(anonymous_35)","line":207,"loc":{"start":{"line":207,"column":39},"end":{"line":207,"column":67}}},"36":{"name":"(anonymous_36)","line":208,"loc":{"start":{"line":208,"column":18},"end":{"line":208,"column":33}}},"37":{"name":"(anonymous_37)","line":209,"loc":{"start":{"line":209,"column":10},"end":{"line":209,"column":21}}},"38":{"name":"(anonymous_38)","line":216,"loc":{"start":{"line":216,"column":34},"end":{"line":216,"column":51}}},"39":{"name":"(anonymous_39)","line":224,"loc":{"start":{"line":224,"column":14},"end":{"line":224,"column":25}}},"40":{"name":"Player","line":225,"loc":{"start":{"line":225,"column":1},"end":{"line":225,"column":71}}},"41":{"name":"(anonymous_41)","line":237,"loc":{"start":{"line":237,"column":25},"end":{"line":237,"column":36}}},"42":{"name":"(anonymous_42)","line":256,"loc":{"start":{"line":256,"column":38},"end":{"line":256,"column":68}}},"43":{"name":"(anonymous_43)","line":257,"loc":{"start":{"line":257,"column":18},"end":{"line":257,"column":33}}},"44":{"name":"(anonymous_44)","line":258,"loc":{"start":{"line":258,"column":10},"end":{"line":258,"column":21}}},"45":{"name":"(anonymous_45)","line":269,"loc":{"start":{"line":269,"column":26},"end":{"line":269,"column":37}}},"46":{"name":"AudioContextGetter","line":270,"loc":{"start":{"line":270,"column":1},"end":{"line":270,"column":31}}},"47":{"name":"(anonymous_47)","line":274,"loc":{"start":{"line":274,"column":24},"end":{"line":274,"column":35}}},"48":{"name":"(anonymous_48)","line":285,"loc":{"start":{"line":285,"column":26},"end":{"line":285,"column":37}}},"49":{"name":"(anonymous_49)","line":293,"loc":{"start":{"line":293,"column":32},"end":{"line":293,"column":48}}},"50":{"name":"(anonymous_50)","line":294,"loc":{"start":{"line":294,"column":8},"end":{"line":294,"column":30}}},"51":{"name":"(anonymous_51)","line":305,"loc":{"start":{"line":305,"column":35},"end":{"line":305,"column":62}}},"52":{"name":"(anonymous_52)","line":306,"loc":{"start":{"line":306,"column":8},"end":{"line":306,"column":30}}},"53":{"name":"(anonymous_53)","line":319,"loc":{"start":{"line":319,"column":19},"end":{"line":319,"column":30}}},"54":{"name":"_AudioChart","line":320,"loc":{"start":{"line":320,"column":1},"end":{"line":320,"column":40}}},"55":{"name":"(anonymous_55)","line":348,"loc":{"start":{"line":348,"column":38},"end":{"line":348,"column":56}}},"56":{"name":"(anonymous_56)","line":389,"loc":{"start":{"line":389,"column":18},"end":{"line":389,"column":29}}},"57":{"name":"AudioChart","line":390,"loc":{"start":{"line":390,"column":1},"end":{"line":390,"column":39}}}},"statementMap":{"1":{"start":{"line":23,"column":0},"end":{"line":57,"column":4}},"2":{"start":{"line":24,"column":1},"end":{"line":26,"column":2}},"3":{"start":{"line":25,"column":2},"end":{"line":25,"column":18}},"4":{"start":{"line":28,"column":1},"end":{"line":30,"column":2}},"5":{"start":{"line":29,"column":2},"end":{"line":29,"column":43}},"6":{"start":{"line":32,"column":1},"end":{"line":38,"column":2}},"7":{"start":{"line":33,"column":2},"end":{"line":33,"column":18}},"8":{"start":{"line":34,"column":2},"end":{"line":36,"column":3}},"9":{"start":{"line":35,"column":3},"end":{"line":35,"column":44}},"10":{"start":{"line":37,"column":2},"end":{"line":37,"column":16}},"11":{"start":{"line":40,"column":1},"end":{"line":42,"column":2}},"12":{"start":{"line":41,"column":2},"end":{"line":41,"column":49}},"13":{"start":{"line":44,"column":1},"end":{"line":46,"column":2}},"14":{"start":{"line":45,"column":2},"end":{"line":45,"column":49}},"15":{"start":{"line":48,"column":1},"end":{"line":50,"column":2}},"16":{"start":{"line":49,"column":2},"end":{"line":49,"column":46}},"17":{"start":{"line":52,"column":1},"end":{"line":54,"column":2}},"18":{"start":{"line":53,"column":2},"end":{"line":53,"column":36}},"19":{"start":{"line":56,"column":1},"end":{"line":56,"column":25}},"20":{"start":{"line":60,"column":0},"end":{"line":100,"column":4}},"21":{"start":{"line":61,"column":1},"end":{"line":69,"column":2}},"22":{"start":{"line":62,"column":2},"end":{"line":68,"column":3}},"23":{"start":{"line":63,"column":3},"end":{"line":63,"column":33}},"24":{"start":{"line":64,"column":9},"end":{"line":68,"column":3}},"25":{"start":{"line":65,"column":3},"end":{"line":65,"column":21}},"26":{"start":{"line":67,"column":3},"end":{"line":67,"column":65}},"27":{"start":{"line":71,"column":1},"end":{"line":73,"column":2}},"28":{"start":{"line":72,"column":2},"end":{"line":72,"column":32}},"29":{"start":{"line":75,"column":1},"end":{"line":81,"column":2}},"30":{"start":{"line":76,"column":2},"end":{"line":76,"column":18}},"31":{"start":{"line":77,"column":2},"end":{"line":79,"column":3}},"32":{"start":{"line":78,"column":3},"end":{"line":78,"column":43}},"33":{"start":{"line":80,"column":2},"end":{"line":80,"column":16}},"34":{"start":{"line":83,"column":1},"end":{"line":85,"column":2}},"35":{"start":{"line":84,"column":2},"end":{"line":84,"column":62}},"36":{"start":{"line":87,"column":1},"end":{"line":89,"column":2}},"37":{"start":{"line":88,"column":2},"end":{"line":88,"column":62}},"38":{"start":{"line":91,"column":1},"end":{"line":93,"column":2}},"39":{"start":{"line":92,"column":2},"end":{"line":92,"column":47}},"40":{"start":{"line":95,"column":1},"end":{"line":97,"column":2}},"41":{"start":{"line":96,"column":2},"end":{"line":96,"column":47}},"42":{"start":{"line":99,"column":1},"end":{"line":99,"column":23}},"43":{"start":{"line":103,"column":0},"end":{"line":150,"column":4}},"44":{"start":{"line":104,"column":1},"end":{"line":109,"column":2}},"45":{"start":{"line":105,"column":2},"end":{"line":105,"column":20}},"46":{"start":{"line":106,"column":2},"end":{"line":108,"column":3}},"47":{"start":{"line":107,"column":3},"end":{"line":107,"column":33}},"48":{"start":{"line":111,"column":1},"end":{"line":113,"column":2}},"49":{"start":{"line":112,"column":2},"end":{"line":112,"column":65}},"50":{"start":{"line":115,"column":1},"end":{"line":122,"column":2}},"51":{"start":{"line":116,"column":2},"end":{"line":116,"column":57}},"52":{"start":{"line":117,"column":2},"end":{"line":117,"column":18}},"53":{"start":{"line":118,"column":2},"end":{"line":120,"column":3}},"54":{"start":{"line":119,"column":3},"end":{"line":119,"column":43}},"55":{"start":{"line":121,"column":2},"end":{"line":121,"column":16}},"56":{"start":{"line":124,"column":1},"end":{"line":131,"column":2}},"57":{"start":{"line":125,"column":2},"end":{"line":125,"column":55}},"58":{"start":{"line":126,"column":2},"end":{"line":126,"column":18}},"59":{"start":{"line":127,"column":2},"end":{"line":129,"column":3}},"60":{"start":{"line":128,"column":3},"end":{"line":128,"column":53}},"61":{"start":{"line":130,"column":2},"end":{"line":130,"column":16}},"62":{"start":{"line":133,"column":1},"end":{"line":135,"column":2}},"63":{"start":{"line":134,"column":2},"end":{"line":134,"column":57}},"64":{"start":{"line":137,"column":1},"end":{"line":139,"column":2}},"65":{"start":{"line":138,"column":2},"end":{"line":138,"column":57}},"66":{"start":{"line":141,"column":1},"end":{"line":143,"column":2}},"67":{"start":{"line":142,"column":2},"end":{"line":142,"column":98}},"68":{"start":{"line":145,"column":1},"end":{"line":147,"column":2}},"69":{"start":{"line":146,"column":2},"end":{"line":146,"column":57}},"70":{"start":{"line":149,"column":1},"end":{"line":149,"column":28}},"71":{"start":{"line":153,"column":0},"end":{"line":165,"column":4}},"72":{"start":{"line":154,"column":1},"end":{"line":160,"column":2}},"73":{"start":{"line":155,"column":2},"end":{"line":155,"column":34}},"74":{"start":{"line":156,"column":2},"end":{"line":156,"column":34}},"75":{"start":{"line":157,"column":2},"end":{"line":159,"column":3}},"76":{"start":{"line":158,"column":3},"end":{"line":158,"column":58}},"77":{"start":{"line":162,"column":1},"end":{"line":162,"column":47}},"78":{"start":{"line":164,"column":1},"end":{"line":164,"column":19}},"79":{"start":{"line":168,"column":0},"end":{"line":193,"column":4}},"80":{"start":{"line":169,"column":1},"end":{"line":177,"column":2}},"81":{"start":{"line":170,"column":2},"end":{"line":170,"column":42}},"82":{"start":{"line":171,"column":2},"end":{"line":171,"column":42}},"83":{"start":{"line":172,"column":2},"end":{"line":172,"column":52}},"84":{"start":{"line":173,"column":2},"end":{"line":175,"column":3}},"85":{"start":{"line":174,"column":3},"end":{"line":174,"column":66}},"86":{"start":{"line":176,"column":2},"end":{"line":176,"column":56}},"87":{"start":{"line":179,"column":1},"end":{"line":179,"column":70}},"88":{"start":{"line":180,"column":1},"end":{"line":180,"column":66}},"89":{"start":{"line":182,"column":1},"end":{"line":190,"column":2}},"90":{"start":{"line":183,"column":2},"end":{"line":183,"column":11}},"91":{"start":{"line":184,"column":2},"end":{"line":188,"column":3}},"92":{"start":{"line":185,"column":3},"end":{"line":185,"column":55}},"93":{"start":{"line":187,"column":3},"end":{"line":187,"column":14}},"94":{"start":{"line":189,"column":2},"end":{"line":189,"column":88}},"95":{"start":{"line":192,"column":1},"end":{"line":192,"column":28}},"96":{"start":{"line":196,"column":0},"end":{"line":221,"column":4}},"97":{"start":{"line":197,"column":1},"end":{"line":200,"column":2}},"98":{"start":{"line":198,"column":2},"end":{"line":198,"column":24}},"99":{"start":{"line":199,"column":2},"end":{"line":199,"column":51}},"100":{"start":{"line":202,"column":1},"end":{"line":205,"column":2}},"101":{"start":{"line":203,"column":2},"end":{"line":203,"column":51}},"102":{"start":{"line":204,"column":2},"end":{"line":204,"column":26}},"103":{"start":{"line":207,"column":1},"end":{"line":214,"column":2}},"104":{"start":{"line":208,"column":2},"end":{"line":212,"column":10}},"105":{"start":{"line":209,"column":3},"end":{"line":211,"column":4}},"106":{"start":{"line":210,"column":4},"end":{"line":210,"column":47}},"107":{"start":{"line":213,"column":2},"end":{"line":213,"column":30}},"108":{"start":{"line":216,"column":1},"end":{"line":218,"column":2}},"109":{"start":{"line":217,"column":2},"end":{"line":217,"column":57}},"110":{"start":{"line":220,"column":1},"end":{"line":220,"column":23}},"111":{"start":{"line":224,"column":0},"end":{"line":266,"column":4}},"112":{"start":{"line":225,"column":1},"end":{"line":235,"column":2}},"113":{"start":{"line":226,"column":2},"end":{"line":226,"column":18}},"114":{"start":{"line":227,"column":2},"end":{"line":227,"column":32}},"115":{"start":{"line":228,"column":2},"end":{"line":228,"column":24}},"116":{"start":{"line":229,"column":2},"end":{"line":233,"column":3}},"117":{"start":{"line":230,"column":3},"end":{"line":230,"column":29}},"118":{"start":{"line":232,"column":3},"end":{"line":232,"column":39}},"119":{"start":{"line":234,"column":2},"end":{"line":234,"column":54}},"120":{"start":{"line":237,"column":1},"end":{"line":254,"column":2}},"121":{"start":{"line":238,"column":2},"end":{"line":238,"column":46}},"122":{"start":{"line":239,"column":2},"end":{"line":239,"column":39}},"123":{"start":{"line":241,"column":2},"end":{"line":241,"column":23}},"124":{"start":{"line":242,"column":2},"end":{"line":244,"column":3}},"125":{"start":{"line":243,"column":3},"end":{"line":243,"column":28}},"126":{"start":{"line":245,"column":2},"end":{"line":245,"column":75}},"127":{"start":{"line":246,"column":2},"end":{"line":252,"column":3}},"128":{"start":{"line":247,"column":3},"end":{"line":247,"column":33}},"129":{"start":{"line":248,"column":3},"end":{"line":250,"column":4}},"130":{"start":{"line":249,"column":4},"end":{"line":249,"column":40}},"131":{"start":{"line":251,"column":3},"end":{"line":251,"column":84}},"132":{"start":{"line":253,"column":2},"end":{"line":253,"column":58}},"133":{"start":{"line":256,"column":1},"end":{"line":263,"column":2}},"134":{"start":{"line":257,"column":2},"end":{"line":261,"column":10}},"135":{"start":{"line":258,"column":3},"end":{"line":260,"column":4}},"136":{"start":{"line":259,"column":4},"end":{"line":259,"column":36}},"137":{"start":{"line":262,"column":2},"end":{"line":262,"column":30}},"138":{"start":{"line":265,"column":1},"end":{"line":265,"column":14}},"139":{"start":{"line":269,"column":0},"end":{"line":290,"column":4}},"140":{"start":{"line":270,"column":1},"end":{"line":270,"column":33}},"141":{"start":{"line":272,"column":1},"end":{"line":272,"column":24}},"142":{"start":{"line":274,"column":1},"end":{"line":283,"column":2}},"143":{"start":{"line":275,"column":2},"end":{"line":281,"column":3}},"144":{"start":{"line":276,"column":3},"end":{"line":276,"column":35}},"145":{"start":{"line":277,"column":9},"end":{"line":281,"column":3}},"146":{"start":{"line":279,"column":3},"end":{"line":279,"column":41}},"147":{"start":{"line":282,"column":2},"end":{"line":282,"column":13}},"148":{"start":{"line":285,"column":1},"end":{"line":287,"column":2}},"149":{"start":{"line":286,"column":2},"end":{"line":286,"column":81}},"150":{"start":{"line":289,"column":1},"end":{"line":289,"column":26}},"151":{"start":{"line":293,"column":0},"end":{"line":302,"column":1}},"152":{"start":{"line":294,"column":1},"end":{"line":301,"column":2}},"153":{"start":{"line":295,"column":2},"end":{"line":300,"column":4}},"154":{"start":{"line":305,"column":0},"end":{"line":316,"column":1}},"155":{"start":{"line":306,"column":1},"end":{"line":315,"column":2}},"156":{"start":{"line":307,"column":2},"end":{"line":307,"column":44}},"157":{"start":{"line":308,"column":2},"end":{"line":308,"column":10}},"158":{"start":{"line":309,"column":2},"end":{"line":312,"column":3}},"159":{"start":{"line":310,"column":3},"end":{"line":310,"column":16}},"160":{"start":{"line":311,"column":3},"end":{"line":311,"column":35}},"161":{"start":{"line":313,"column":2},"end":{"line":313,"column":46}},"162":{"start":{"line":314,"column":2},"end":{"line":314,"column":31}},"163":{"start":{"line":319,"column":0},"end":{"line":386,"column":4}},"164":{"start":{"line":320,"column":1},"end":{"line":343,"column":2}},"165":{"start":{"line":321,"column":2},"end":{"line":321,"column":58}},"166":{"start":{"line":322,"column":2},"end":{"line":322,"column":56}},"167":{"start":{"line":323,"column":2},"end":{"line":323,"column":32}},"168":{"start":{"line":325,"column":2},"end":{"line":330,"column":3}},"169":{"start":{"line":332,"column":2},"end":{"line":332,"column":44}},"170":{"start":{"line":334,"column":2},"end":{"line":340,"column":3}},"171":{"start":{"line":342,"column":2},"end":{"line":342,"column":15}},"172":{"start":{"line":348,"column":1},"end":{"line":383,"column":2}},"173":{"start":{"line":349,"column":2},"end":{"line":353,"column":3}},"174":{"start":{"line":355,"column":2},"end":{"line":380,"column":3}},"175":{"start":{"line":357,"column":4},"end":{"line":357,"column":38}},"176":{"start":{"line":358,"column":4},"end":{"line":358,"column":35}},"177":{"start":{"line":359,"column":4},"end":{"line":362,"column":5}},"178":{"start":{"line":360,"column":5},"end":{"line":361,"column":46}},"179":{"start":{"line":363,"column":4},"end":{"line":363,"column":9}},"180":{"start":{"line":365,"column":4},"end":{"line":365,"column":36}},"181":{"start":{"line":366,"column":4},"end":{"line":366,"column":35}},"182":{"start":{"line":367,"column":4},"end":{"line":367,"column":9}},"183":{"start":{"line":369,"column":4},"end":{"line":369,"column":41}},"184":{"start":{"line":370,"column":4},"end":{"line":370,"column":36}},"185":{"start":{"line":371,"column":4},"end":{"line":376,"column":5}},"186":{"start":{"line":372,"column":5},"end":{"line":375,"column":6}},"187":{"start":{"line":377,"column":4},"end":{"line":377,"column":9}},"188":{"start":{"line":379,"column":4},"end":{"line":379,"column":66}},"189":{"start":{"line":382,"column":2},"end":{"line":382,"column":15}},"190":{"start":{"line":385,"column":1},"end":{"line":385,"column":19}},"191":{"start":{"line":389,"column":0},"end":{"line":401,"column":4}},"192":{"start":{"line":390,"column":1},"end":{"line":399,"column":2}},"193":{"start":{"line":391,"column":2},"end":{"line":391,"column":69}},"194":{"start":{"line":392,"column":2},"end":{"line":397,"column":3}},"195":{"start":{"line":393,"column":3},"end":{"line":393,"column":37}},"196":{"start":{"line":394,"column":3},"end":{"line":396,"column":4}},"197":{"start":{"line":395,"column":4},"end":{"line":395,"column":21}},"198":{"start":{"line":398,"column":2},"end":{"line":398,"column":38}},"199":{"start":{"line":400,"column":1},"end":{"line":400,"column":18}}},"branchMap":{"1":{"line":62,"type":"if","locations":[{"start":{"line":62,"column":2},"end":{"line":62,"column":2}},{"start":{"line":62,"column":2},"end":{"line":62,"column":2}}]},"2":{"line":64,"type":"if","locations":[{"start":{"line":64,"column":9},"end":{"line":64,"column":9}},{"start":{"line":64,"column":9},"end":{"line":64,"column":9}}]},"3":{"line":106,"type":"if","locations":[{"start":{"line":106,"column":2},"end":{"line":106,"column":2}},{"start":{"line":106,"column":2},"end":{"line":106,"column":2}}]},"4":{"line":157,"type":"if","locations":[{"start":{"line":157,"column":2},"end":{"line":157,"column":2}},{"start":{"line":157,"column":2},"end":{"line":157,"column":2}}]},"5":{"line":173,"type":"if","locations":[{"start":{"line":173,"column":2},"end":{"line":173,"column":2}},{"start":{"line":173,"column":2},"end":{"line":173,"column":2}}]},"6":{"line":184,"type":"if","locations":[{"start":{"line":184,"column":2},"end":{"line":184,"column":2}},{"start":{"line":184,"column":2},"end":{"line":184,"column":2}}]},"7":{"line":229,"type":"if","locations":[{"start":{"line":229,"column":2},"end":{"line":229,"column":2}},{"start":{"line":229,"column":2},"end":{"line":229,"column":2}}]},"8":{"line":242,"type":"if","locations":[{"start":{"line":242,"column":2},"end":{"line":242,"column":2}},{"start":{"line":242,"column":2},"end":{"line":242,"column":2}}]},"9":{"line":248,"type":"if","locations":[{"start":{"line":248,"column":3},"end":{"line":248,"column":3}},{"start":{"line":248,"column":3},"end":{"line":248,"column":3}}]},"10":{"line":275,"type":"if","locations":[{"start":{"line":275,"column":2},"end":{"line":275,"column":2}},{"start":{"line":275,"column":2},"end":{"line":275,"column":2}}]},"11":{"line":277,"type":"if","locations":[{"start":{"line":277,"column":9},"end":{"line":277,"column":9}},{"start":{"line":277,"column":9},"end":{"line":277,"column":9}}]},"12":{"line":286,"type":"cond-expr","locations":[{"start":{"line":286,"column":33},"end":{"line":286,"column":45}},{"start":{"line":286,"column":48},"end":{"line":286,"column":81}}]},"13":{"line":355,"type":"switch","locations":[{"start":{"line":356,"column":3},"end":{"line":363,"column":9}},{"start":{"line":364,"column":3},"end":{"line":367,"column":9}},{"start":{"line":368,"column":3},"end":{"line":377,"column":9}},{"start":{"line":378,"column":3},"end":{"line":379,"column":66}}]},"14":{"line":359,"type":"if","locations":[{"start":{"line":359,"column":4},"end":{"line":359,"column":4}},{"start":{"line":359,"column":4},"end":{"line":359,"column":4}}]},"15":{"line":371,"type":"if","locations":[{"start":{"line":371,"column":4},"end":{"line":371,"column":4}},{"start":{"line":371,"column":4},"end":{"line":371,"column":4}}]},"16":{"line":392,"type":"if","locations":[{"start":{"line":392,"column":2},"end":{"line":392,"column":2}},{"start":{"line":392,"column":2},"end":{"line":392,"column":2}}]},"17":{"line":394,"type":"if","locations":[{"start":{"line":394,"column":3},"end":{"line":394,"column":3}},{"start":{"line":394,"column":3},"end":{"line":394,"column":3}}]}}}}